<?xml version="1.0" encoding="UTF-8"?>
<!-- Generated by org.testng.reporters.JUnitReportReporter -->
<testsuite skipped="0" hostname="ce3d137f86a4" name="com.searchmodule.tests.SearchTest" tests="4" failures="0" timestamp="2023-03-22T00:53:12 GMT" time="22.839" errors="0">
  <testcase name="search" time="4.144" classname="com.searchmodule.tests.SearchTest"/>
  <system-out/>
  <testcase name="search" time="4.938" classname="com.searchmodule.tests.SearchTest"/>
  <system-out/>
  <testcase name="search" time="6.473" classname="com.searchmodule.tests.SearchTest"/>
  <system-out/>
  <testcase name="search" time="7.284" classname="com.searchmodule.tests.SearchTest"/>
  <system-out/>
</testsuite> <!-- com.searchmodule.tests.SearchTest -->
